<subsystem xmlns="urn:wildfly:cassandra:1.0">
    <cluster name="My Cluster"
             seed-provider-class-name="org.apache.cassandra.locator.SimpleSeedProvider"
             seed-provider-seeds="127.0.0.1"
             listen-address="127.0.0.1"
             broadcast-address="230.0.0.4"
             start-rpc="true"
             start-native-transport="true"/>
</subsystem>